<?xml version="1.0" encoding="UTF-8"?>
<testsuites name="Test Suit Positive" time="94.345" tests="3" failures="0" errors="0">
   <testsuite name="Test Suit Positive" tests="3" failures="0" errors="0" time="94.345" skipped="0" timestamp="2023-01-26 14:47:01" hostname="User-PC - DESKTOP-NJ1DL4D" id="Test Suites/Test Suit Positive">
      <properties>
         <property name="deviceName" value="emulator-5554 (sdk_gphone_x86 - Android 11)"/>
         <property name="devicePlatform" value=""/>
         <property name="logFolder" value="C:\\Users\\User-PC\\git\\DemoAppAutomation\\Reports\\20230126_144658\\Test Suit Positive\\20230126_144658"/>
         <property name="logFiles" value="C:\\Users\\User-PC\\git\\DemoAppAutomation\\Reports\\20230126_144658\\Test Suit Positive\\20230126_144658\\appium.log, C:\\Users\\User-PC\\git\\DemoAppAutomation\\Reports\\20230126_144658\\Test Suit Positive\\20230126_144658\\execution0.log"/>
         <property name="attachments" value=""/>
         <property name="hostName" value="User-PC - DESKTOP-NJ1DL4D"/>
         <property name="os" value="Windows 10 64bit"/>
         <property name="appiumServerStatus" value="{&quot;value&quot;:{&quot;build&quot;:{&quot;version&quot;:&quot;1.22.3&quot;}},&quot;sessionId&quot;:null,&quot;status&quot;:0}"/>
         <property name="katalonVersion" value="8.5.5.208"/>
         <property name="deviceOS" value="Android"/>
         <property name="appiumVersion" value="1.22.3"/>
         <property name="deviceModel" value="sdk_gphone_x86"/>
         <property name="hostAddress" value="192.168.1.2"/>
         <property name="deviceManufacturer" value="Google"/>
         <property name="deviceId" value="emulator-5554"/>
         <property name="deviceName" value="emulator-5554 (sdk_gphone_x86 - Android 11)"/>
         <property name="deviceOSVersion" value="11"/>
      </properties>
      <testcase name="Test Cases/TC01 - Login - Positive" time="26.251" classname="Test Cases/TC01 - Login - Positive" status="PASSED">
         <system-out><![CDATA[2023-01-26 14:47:01 - [TEST_CASE][PASSED] - Test Cases/TC01 - Login - Positive: Test Cases/TC01 - Login - Positive

2023-01-26 14:47:01 - [TEST_STEP][PASSED] - startApplication("C:\Users\User-PC\Downloads\apk\Android-MyDemoAppRN.1.2.0.build-231.apk", true): Started app at: 'C:\Users\User-PC\Downloads\apk\Android-MyDemoAppRN.1.2.0.build-231.apk'

2023-01-26 14:47:02 - [MESSAGE][INFO] - Detected NodeJS location: "C:\Program Files\nodejs\node.exe"

2023-01-26 14:47:03 - [MESSAGE][INFO] - Appium server started on port 59,025

2023-01-26 14:47:18 - [MESSAGE][PASSED] - Started app at: 'C:\Users\User-PC\Downloads\apk\Android-MyDemoAppRN.1.2.0.build-231.apk'

2023-01-26 14:47:19 - [TEST_STEP][PASSED] - tap(findTestObject("Object Repository/android.widget.ImageView"), 0): Tapped on element 'Object Repository/android.widget.ImageView'

2023-01-26 14:47:19 - [MESSAGE][WARNING] - Timeout '0' is invalid. Using default page load timeout: '30'

2023-01-26 14:47:20 - [MESSAGE][PASSED] - Tapped on element 'Object Repository/android.widget.ImageView'

2023-01-26 14:47:20 - [TEST_STEP][PASSED] - tap(findTestObject("Object Repository/android.widget.TextView - Log In"), 0): Tapped on element 'Object Repository/android.widget.TextView - Log In'

2023-01-26 14:47:20 - [MESSAGE][WARNING] - Timeout '0' is invalid. Using default page load timeout: '30'

2023-01-26 14:47:22 - [MESSAGE][PASSED] - Tapped on element 'Object Repository/android.widget.TextView - Log In'

2023-01-26 14:47:22 - [TEST_STEP][PASSED] - setText(findTestObject("Object Repository/Email_Valid"), "bob@example.com", 0): Text 'bob@example.com' has been set to element 'Object Repository/Email_Valid'

2023-01-26 14:47:22 - [MESSAGE][WARNING] - Timeout '0' is invalid. Using default page load timeout: '30'

2023-01-26 14:47:24 - [MESSAGE][PASSED] - Text 'bob@example.com' has been set to element 'Object Repository/Email_Valid'

2023-01-26 14:47:24 - [TEST_STEP][PASSED] - setText(findTestObject("Object Repository/Password_Valid"), "10203040", 0): Text '10203040' has been set to element 'Object Repository/Password_Valid'

2023-01-26 14:47:24 - [MESSAGE][WARNING] - Timeout '0' is invalid. Using default page load timeout: '30'

2023-01-26 14:47:25 - [MESSAGE][PASSED] - Text '10203040' has been set to element 'Object Repository/Password_Valid'

2023-01-26 14:47:25 - [TEST_STEP][PASSED] - tap(findTestObject("Object Repository/android.view.ViewGroup"), 0): Tapped on element 'Object Repository/android.view.ViewGroup'

2023-01-26 14:47:25 - [MESSAGE][WARNING] - Timeout '0' is invalid. Using default page load timeout: '30'

2023-01-26 14:47:26 - [MESSAGE][PASSED] - Tapped on element 'Object Repository/android.view.ViewGroup'

2023-01-26 14:47:26 - [TEST_STEP][PASSED] - closeApplication(): Close app successfully

2023-01-26 14:47:27 - [MESSAGE][PASSED] - Close app successfully]]></system-out>
         <system-err><![CDATA[]]></system-err>
      </testcase>
      <testcase name="Test Cases/TC02 - Add to Cart - Positive" time="19.943" classname="Test Cases/TC02 - Add to Cart - Positive" status="PASSED">
         <system-out><![CDATA[2023-01-26 14:47:27 - [TEST_CASE][PASSED] - Test Cases/TC02 - Add to Cart - Positive: Test Cases/TC02 - Add to Cart - Positive

2023-01-26 14:47:27 - [TEST_STEP][PASSED] - startApplication("C:\Users\User-PC\Downloads\apk\Android-MyDemoAppRN.1.2.0.build-231.apk", true): Started app at: 'C:\Users\User-PC\Downloads\apk\Android-MyDemoAppRN.1.2.0.build-231.apk'

2023-01-26 14:47:28 - [MESSAGE][INFO] - Detected NodeJS location: "C:\Program Files\nodejs\node.exe"

2023-01-26 14:47:29 - [MESSAGE][INFO] - Appium server started on port 59,244

2023-01-26 14:47:43 - [MESSAGE][PASSED] - Started app at: 'C:\Users\User-PC\Downloads\apk\Android-MyDemoAppRN.1.2.0.build-231.apk'

2023-01-26 14:47:43 - [TEST_STEP][PASSED] - tap(findTestObject("Object Repository/android.widget.ImageView (1)"), 0): Tapped on element 'Object Repository/android.widget.ImageView (1)'

2023-01-26 14:47:43 - [MESSAGE][WARNING] - Timeout '0' is invalid. Using default page load timeout: '30'

2023-01-26 14:47:44 - [MESSAGE][PASSED] - Tapped on element 'Object Repository/android.widget.ImageView (1)'

2023-01-26 14:47:44 - [TEST_STEP][PASSED] - tap(findTestObject("Object Repository/android.view.ViewGroup (1)"), 0): Tapped on element 'Object Repository/android.view.ViewGroup (1)'

2023-01-26 14:47:44 - [MESSAGE][WARNING] - Timeout '0' is invalid. Using default page load timeout: '30'

2023-01-26 14:47:45 - [MESSAGE][PASSED] - Tapped on element 'Object Repository/android.view.ViewGroup (1)'

2023-01-26 14:47:45 - [TEST_STEP][PASSED] - tap(findTestObject("Object Repository/android.widget.ImageView (2)"), 0): Tapped on element 'Object Repository/android.widget.ImageView (2)'

2023-01-26 14:47:45 - [MESSAGE][WARNING] - Timeout '0' is invalid. Using default page load timeout: '30'

2023-01-26 14:47:46 - [MESSAGE][PASSED] - Tapped on element 'Object Repository/android.widget.ImageView (2)'

2023-01-26 14:47:46 - [TEST_STEP][PASSED] - closeApplication(): Close app successfully

2023-01-26 14:47:47 - [MESSAGE][PASSED] - Close app successfully]]></system-out>
         <system-err><![CDATA[]]></system-err>
      </testcase>
      <testcase name="Test Cases/TC03 - Checkout and Payment - Positive" time="47.863" classname="Test Cases/TC03 - Checkout and Payment - Positive" status="PASSED">
         <system-out><![CDATA[2023-01-26 14:47:47 - [TEST_CASE][PASSED] - Test Cases/TC03 - Checkout and Payment - Positive: Test Cases/TC03 - Checkout and Payment - Positive

2023-01-26 14:47:47 - [TEST_STEP][PASSED] - startApplication("C:\Users\User-PC\Downloads\apk\Android-MyDemoAppRN.1.2.0.build-231.apk", true): Started app at: 'C:\Users\User-PC\Downloads\apk\Android-MyDemoAppRN.1.2.0.build-231.apk'

2023-01-26 14:47:48 - [MESSAGE][INFO] - Detected NodeJS location: "C:\Program Files\nodejs\node.exe"

2023-01-26 14:47:49 - [MESSAGE][INFO] - Appium server started on port 59,467

2023-01-26 14:48:03 - [MESSAGE][PASSED] - Started app at: 'C:\Users\User-PC\Downloads\apk\Android-MyDemoAppRN.1.2.0.build-231.apk'

2023-01-26 14:48:03 - [TEST_STEP][PASSED] - tap(findTestObject("Object Repository/android.widget.ImageView (6)"), 0): Tapped on element 'Object Repository/android.widget.ImageView (6)'

2023-01-26 14:48:03 - [MESSAGE][WARNING] - Timeout '0' is invalid. Using default page load timeout: '30'

2023-01-26 14:48:04 - [MESSAGE][PASSED] - Tapped on element 'Object Repository/android.widget.ImageView (6)'

2023-01-26 14:48:04 - [TEST_STEP][PASSED] - tap(findTestObject("Object Repository/android.widget.TextView - Log In (1)"), 0): Tapped on element 'Object Repository/android.widget.TextView - Log In (1)'

2023-01-26 14:48:04 - [MESSAGE][WARNING] - Timeout '0' is invalid. Using default page load timeout: '30'

2023-01-26 14:48:06 - [MESSAGE][PASSED] - Tapped on element 'Object Repository/android.widget.TextView - Log In (1)'

2023-01-26 14:48:06 - [TEST_STEP][PASSED] - tap(findTestObject("Object Repository/android.widget.TextView - bobexample.com"), 0): Tapped on element 'Object Repository/android.widget.TextView - bobexample.com'

2023-01-26 14:48:06 - [MESSAGE][WARNING] - Timeout '0' is invalid. Using default page load timeout: '30'

2023-01-26 14:48:08 - [MESSAGE][PASSED] - Tapped on element 'Object Repository/android.widget.TextView - bobexample.com'

2023-01-26 14:48:08 - [TEST_STEP][PASSED] - tap(findTestObject("Object Repository/android.view.ViewGroup (2)"), 0): Tapped on element 'Object Repository/android.view.ViewGroup (2)'

2023-01-26 14:48:08 - [MESSAGE][WARNING] - Timeout '0' is invalid. Using default page load timeout: '30'

2023-01-26 14:48:09 - [MESSAGE][PASSED] - Tapped on element 'Object Repository/android.view.ViewGroup (2)'

2023-01-26 14:48:09 - [TEST_STEP][PASSED] - tap(findTestObject("Object Repository/android.widget.ImageView (7)"), 0): Tapped on element 'Object Repository/android.widget.ImageView (7)'

2023-01-26 14:48:09 - [MESSAGE][WARNING] - Timeout '0' is invalid. Using default page load timeout: '30'

2023-01-26 14:48:09 - [MESSAGE][PASSED] - Tapped on element 'Object Repository/android.widget.ImageView (7)'

2023-01-26 14:48:09 - [TEST_STEP][PASSED] - tap(findTestObject("Object Repository/android.widget.TextView - Add To Cart"), 0): Tapped on element 'Object Repository/android.widget.TextView - Add To Cart'

2023-01-26 14:48:09 - [MESSAGE][WARNING] - Timeout '0' is invalid. Using default page load timeout: '30'

2023-01-26 14:48:11 - [MESSAGE][PASSED] - Tapped on element 'Object Repository/android.widget.TextView - Add To Cart'

2023-01-26 14:48:11 - [TEST_STEP][PASSED] - tap(findTestObject("Object Repository/android.widget.TextView - 1"), 0): Tapped on element 'Object Repository/android.widget.TextView - 1'

2023-01-26 14:48:11 - [MESSAGE][WARNING] - Timeout '0' is invalid. Using default page load timeout: '30'

2023-01-26 14:48:12 - [MESSAGE][PASSED] - Tapped on element 'Object Repository/android.widget.TextView - 1'

2023-01-26 14:48:12 - [TEST_STEP][PASSED] - tap(findTestObject("Object Repository/android.view.ViewGroup (3)"), 0): Tapped on element 'Object Repository/android.view.ViewGroup (3)'

2023-01-26 14:48:12 - [MESSAGE][WARNING] - Timeout '0' is invalid. Using default page load timeout: '30'

2023-01-26 14:48:13 - [MESSAGE][PASSED] - Tapped on element 'Object Repository/android.view.ViewGroup (3)'

2023-01-26 14:48:13 - [TEST_STEP][PASSED] - setText(findTestObject("Object Repository/android.widget.EditText - Rebecca Winter"), "Muhamad Trian Diwandanu", 0): Text 'Muhamad Trian Diwandanu' has been set to element 'Object Repository/android.widget.EditText - Rebecca Winter'

2023-01-26 14:48:13 - [MESSAGE][WARNING] - Timeout '0' is invalid. Using default page load timeout: '30'

2023-01-26 14:48:15 - [MESSAGE][PASSED] - Text 'Muhamad Trian Diwandanu' has been set to element 'Object Repository/android.widget.EditText - Rebecca Winter'

2023-01-26 14:48:15 - [TEST_STEP][PASSED] - setText(findTestObject("Object Repository/android.widget.EditText - Mandorley 112 (1)"), "Jalan Benteng Jaya RT 03 RW 09 No 2", 0): Text 'Jalan Benteng Jaya RT 03 RW 09 No 2' has been set to element 'Object Repository/android.widget.EditText - Mandorley 112 (1)'

2023-01-26 14:48:15 - [MESSAGE][WARNING] - Timeout '0' is invalid. Using default page load timeout: '30'

2023-01-26 14:48:17 - [MESSAGE][PASSED] - Text 'Jalan Benteng Jaya RT 03 RW 09 No 2' has been set to element 'Object Repository/android.widget.EditText - Mandorley 112 (1)'

2023-01-26 14:48:17 - [TEST_STEP][PASSED] - setText(findTestObject("Object Repository/android.widget.EditText - Truro"), "Tangerang", 0): Text 'Tangerang' has been set to element 'Object Repository/android.widget.EditText - Truro'

2023-01-26 14:48:17 - [MESSAGE][WARNING] - Timeout '0' is invalid. Using default page load timeout: '30'

2023-01-26 14:48:19 - [MESSAGE][PASSED] - Text 'Tangerang' has been set to element 'Object Repository/android.widget.EditText - Truro'

2023-01-26 14:48:19 - [TEST_STEP][PASSED] - setText(findTestObject("Object Repository/android.widget.EditText - Cornwall"), "Indonesia", 0): Text 'Indonesia' has been set to element 'Object Repository/android.widget.EditText - Cornwall'

2023-01-26 14:48:19 - [MESSAGE][WARNING] - Timeout '0' is invalid. Using default page load timeout: '30'

2023-01-26 14:48:20 - [MESSAGE][PASSED] - Text 'Indonesia' has been set to element 'Object Repository/android.widget.EditText - Cornwall'

2023-01-26 14:48:20 - [TEST_STEP][PASSED] - setText(findTestObject("Object Repository/android.widget.EditText - United Kingdom"), "Indonesia", 0): Text 'Indonesia' has been set to element 'Object Repository/android.widget.EditText - United Kingdom'

2023-01-26 14:48:20 - [MESSAGE][WARNING] - Timeout '0' is invalid. Using default page load timeout: '30'

2023-01-26 14:48:22 - [MESSAGE][PASSED] - Text 'Indonesia' has been set to element 'Object Repository/android.widget.EditText - United Kingdom'

2023-01-26 14:48:22 - [TEST_STEP][PASSED] - setText(findTestObject("Object Repository/android.widget.EditText - 89750"), "15111", 0): Text '15111' has been set to element 'Object Repository/android.widget.EditText - 89750'

2023-01-26 14:48:22 - [MESSAGE][WARNING] - Timeout '0' is invalid. Using default page load timeout: '30'

2023-01-26 14:48:24 - [MESSAGE][PASSED] - Text '15111' has been set to element 'Object Repository/android.widget.EditText - 89750'

2023-01-26 14:48:24 - [TEST_STEP][PASSED] - tap(findTestObject("Object Repository/android.widget.TextView - To Payment"), 0): Tapped on element 'Object Repository/android.widget.TextView - To Payment'

2023-01-26 14:48:24 - [MESSAGE][WARNING] - Timeout '0' is invalid. Using default page load timeout: '30'

2023-01-26 14:48:24 - [MESSAGE][PASSED] - Tapped on element 'Object Repository/android.widget.TextView - To Payment'

2023-01-26 14:48:24 - [TEST_STEP][PASSED] - setText(findTestObject("Object Repository/android.widget.EditText - Rebecca Winter (1)"), "Muhamad Trian Diwandanu", 0): Text 'Muhamad Trian Diwandanu' has been set to element 'Object Repository/android.widget.EditText - Rebecca Winter (1)'

2023-01-26 14:48:24 - [MESSAGE][WARNING] - Timeout '0' is invalid. Using default page load timeout: '30'

2023-01-26 14:48:27 - [MESSAGE][PASSED] - Text 'Muhamad Trian Diwandanu' has been set to element 'Object Repository/android.widget.EditText - Rebecca Winter (1)'

2023-01-26 14:48:27 - [TEST_STEP][PASSED] - setText(findTestObject("Object Repository/android.widget.EditText - 3258 1265 7568 789"), "325812657568789", 0): Text '325812657568789' has been set to element 'Object Repository/android.widget.EditText - 3258 1265 7568 789'

2023-01-26 14:48:27 - [MESSAGE][WARNING] - Timeout '0' is invalid. Using default page load timeout: '30'

2023-01-26 14:48:28 - [MESSAGE][PASSED] - Text '325812657568789' has been set to element 'Object Repository/android.widget.EditText - 3258 1265 7568 789'

2023-01-26 14:48:28 - [TEST_STEP][PASSED] - setText(findTestObject("Object Repository/android.widget.EditText - 0325 (1)"), "03/25", 0): Text '03/25' has been set to element 'Object Repository/android.widget.EditText - 0325 (1)'

2023-01-26 14:48:28 - [MESSAGE][WARNING] - Timeout '0' is invalid. Using default page load timeout: '30'

2023-01-26 14:48:30 - [MESSAGE][PASSED] - Text '03/25' has been set to element 'Object Repository/android.widget.EditText - 0325 (1)'

2023-01-26 14:48:30 - [TEST_STEP][PASSED] - setText(findTestObject("Object Repository/android.widget.EditText - 123"), "123", 0): Text '123' has been set to element 'Object Repository/android.widget.EditText - 123'

2023-01-26 14:48:30 - [MESSAGE][WARNING] - Timeout '0' is invalid. Using default page load timeout: '30'

2023-01-26 14:48:32 - [MESSAGE][PASSED] - Text '123' has been set to element 'Object Repository/android.widget.EditText - 123'

2023-01-26 14:48:32 - [TEST_STEP][PASSED] - tap(findTestObject("Object Repository/android.view.ViewGroup (4)"), 0): Tapped on element 'Object Repository/android.view.ViewGroup (4)'

2023-01-26 14:48:32 - [MESSAGE][WARNING] - Timeout '0' is invalid. Using default page load timeout: '30'

2023-01-26 14:48:32 - [MESSAGE][PASSED] - Tapped on element 'Object Repository/android.view.ViewGroup (4)'

2023-01-26 14:48:32 - [TEST_STEP][PASSED] - tap(findTestObject("Object Repository/android.widget.TextView - Place Order"), 0): Tapped on element 'Object Repository/android.widget.TextView - Place Order'

2023-01-26 14:48:32 - [MESSAGE][WARNING] - Timeout '0' is invalid. Using default page load timeout: '30'

2023-01-26 14:48:34 - [MESSAGE][PASSED] - Tapped on element 'Object Repository/android.widget.TextView - Place Order'

2023-01-26 14:48:34 - [TEST_STEP][PASSED] - closeApplication(): Close app successfully

2023-01-26 14:48:35 - [MESSAGE][PASSED] - Close app successfully]]></system-out>
         <system-err><![CDATA[]]></system-err>
      </testcase>
      <system-out><![CDATA[2023-01-26 14:47:01 - [TEST_SUITE][PASSED] - Test Suit Positive: Test Cases/TC03 - Checkout and Payment - Positive]]></system-out>
      <system-err><![CDATA[]]></system-err>
   </testsuite>
</testsuites>
