<?xml version="1.0" encoding="UTF-8"?>
<testsuites name="Test Suite Negative" time="52.891" tests="2" failures="0" errors="0">
   <testsuite name="Test Suite Negative" tests="2" failures="0" errors="0" time="52.891" skipped="0" timestamp="2023-01-26 15:00:22" hostname="User-PC - DESKTOP-NJ1DL4D" id="Test Suites/Test Suite Negative">
      <properties>
         <property name="deviceName" value="emulator-5554 (sdk_gphone_x86 - Android 11)"/>
         <property name="devicePlatform" value=""/>
         <property name="logFolder" value="C:\\Users\\User-PC\\git\\DemoAppAutomation\\Reports\\20230126_150019\\Test Suite Negative\\20230126_150019"/>
         <property name="logFiles" value="C:\\Users\\User-PC\\git\\DemoAppAutomation\\Reports\\20230126_150019\\Test Suite Negative\\20230126_150019\\appium.log, C:\\Users\\User-PC\\git\\DemoAppAutomation\\Reports\\20230126_150019\\Test Suite Negative\\20230126_150019\\execution0.log"/>
         <property name="attachments" value=""/>
         <property name="hostName" value="User-PC - DESKTOP-NJ1DL4D"/>
         <property name="os" value="Windows 10 64bit"/>
         <property name="appiumServerStatus" value="{&quot;value&quot;:{&quot;build&quot;:{&quot;version&quot;:&quot;1.22.3&quot;}},&quot;sessionId&quot;:null,&quot;status&quot;:0}"/>
         <property name="katalonVersion" value="8.5.5.208"/>
         <property name="deviceOS" value="Android"/>
         <property name="appiumVersion" value="1.22.3"/>
         <property name="deviceModel" value="sdk_gphone_x86"/>
         <property name="hostAddress" value="192.168.1.2"/>
         <property name="deviceManufacturer" value="Google"/>
         <property name="deviceId" value="emulator-5554"/>
         <property name="deviceName" value="emulator-5554 (sdk_gphone_x86 - Android 11)"/>
         <property name="deviceOSVersion" value="11"/>
      </properties>
      <testcase name="Test Cases/TC04 - Login Invalid Username Password - Negative" time="28.466" classname="Test Cases/TC04 - Login Invalid Username Password - Negative" status="PASSED">
         <system-out><![CDATA[2023-01-26 15:00:23 - [TEST_CASE][PASSED] - Test Cases/TC04 - Login Invalid Username Password - Negative: Test Cases/TC04 - Login Invalid Username Password - Negative

2023-01-26 15:00:23 - [TEST_STEP][PASSED] - startApplication("C:\Users\User-PC\Downloads\apk\Android-MyDemoAppRN.1.2.0.build-231.apk", true): Started app at: 'C:\Users\User-PC\Downloads\apk\Android-MyDemoAppRN.1.2.0.build-231.apk'

2023-01-26 15:00:24 - [MESSAGE][INFO] - Detected NodeJS location: "C:\Program Files\nodejs\node.exe"

2023-01-26 15:00:25 - [MESSAGE][INFO] - Appium server started on port 61,131

2023-01-26 15:00:43 - [MESSAGE][PASSED] - Started app at: 'C:\Users\User-PC\Downloads\apk\Android-MyDemoAppRN.1.2.0.build-231.apk'

2023-01-26 15:00:43 - [TEST_STEP][PASSED] - tap(findTestObject("Object Repository/android.widget.ImageView"), 0): Tapped on element 'Object Repository/android.widget.ImageView'

2023-01-26 15:00:43 - [MESSAGE][WARNING] - Timeout '0' is invalid. Using default page load timeout: '30'

2023-01-26 15:00:44 - [MESSAGE][PASSED] - Tapped on element 'Object Repository/android.widget.ImageView'

2023-01-26 15:00:44 - [TEST_STEP][PASSED] - tap(findTestObject("Object Repository/android.widget.TextView - Log In"), 0): Tapped on element 'Object Repository/android.widget.TextView - Log In'

2023-01-26 15:00:44 - [MESSAGE][WARNING] - Timeout '0' is invalid. Using default page load timeout: '30'

2023-01-26 15:00:46 - [MESSAGE][PASSED] - Tapped on element 'Object Repository/android.widget.TextView - Log In'

2023-01-26 15:00:46 - [TEST_STEP][PASSED] - setText(findTestObject("Object Repository/android.widget.EditText"), "", 0): Text '' has been set to element 'Object Repository/android.widget.EditText'

2023-01-26 15:00:46 - [MESSAGE][WARNING] - Timeout '0' is invalid. Using default page load timeout: '30'

2023-01-26 15:00:48 - [MESSAGE][PASSED] - Text '' has been set to element 'Object Repository/android.widget.EditText'

2023-01-26 15:00:48 - [TEST_STEP][PASSED] - setText(findTestObject("Object Repository/android.widget.EditText (1)"), "", 0): Text '' has been set to element 'Object Repository/android.widget.EditText (1)'

2023-01-26 15:00:48 - [MESSAGE][WARNING] - Timeout '0' is invalid. Using default page load timeout: '30'

2023-01-26 15:00:49 - [MESSAGE][PASSED] - Text '' has been set to element 'Object Repository/android.widget.EditText (1)'

2023-01-26 15:00:49 - [TEST_STEP][PASSED] - tap(findTestObject("Object Repository/android.view.ViewGroup"), 0): Tapped on element 'Object Repository/android.view.ViewGroup'

2023-01-26 15:00:49 - [MESSAGE][WARNING] - Timeout '0' is invalid. Using default page load timeout: '30'

2023-01-26 15:00:50 - [MESSAGE][PASSED] - Tapped on element 'Object Repository/android.view.ViewGroup'

2023-01-26 15:00:50 - [TEST_STEP][PASSED] - closeApplication(): Close app successfully

2023-01-26 15:00:51 - [MESSAGE][PASSED] - Close app successfully]]></system-out>
         <system-err><![CDATA[]]></system-err>
      </testcase>
      <testcase name="Test Cases/TC05 - Login Blank Username Password - Negative" time="24.127" classname="Test Cases/TC05 - Login Blank Username Password - Negative" status="PASSED">
         <system-out><![CDATA[2023-01-26 15:00:51 - [TEST_CASE][PASSED] - Test Cases/TC05 - Login Blank Username Password - Negative: Test Cases/TC05 - Login Blank Username Password - Negative

2023-01-26 15:00:52 - [TEST_STEP][PASSED] - startApplication("C:\Users\User-PC\Downloads\apk\Android-MyDemoAppRN.1.2.0.build-231.apk", true): Started app at: 'C:\Users\User-PC\Downloads\apk\Android-MyDemoAppRN.1.2.0.build-231.apk'

2023-01-26 15:00:52 - [MESSAGE][INFO] - Detected NodeJS location: "C:\Program Files\nodejs\node.exe"

2023-01-26 15:00:53 - [MESSAGE][INFO] - Appium server started on port 61,368

2023-01-26 15:01:07 - [MESSAGE][PASSED] - Started app at: 'C:\Users\User-PC\Downloads\apk\Android-MyDemoAppRN.1.2.0.build-231.apk'

2023-01-26 15:01:07 - [TEST_STEP][PASSED] - tap(findTestObject("Object Repository/android.widget.ImageView"), 0): Tapped on element 'Object Repository/android.widget.ImageView'

2023-01-26 15:01:07 - [MESSAGE][WARNING] - Timeout '0' is invalid. Using default page load timeout: '30'

2023-01-26 15:01:08 - [MESSAGE][PASSED] - Tapped on element 'Object Repository/android.widget.ImageView'

2023-01-26 15:01:08 - [TEST_STEP][PASSED] - tap(findTestObject("Object Repository/android.widget.TextView - Log In"), 0): Tapped on element 'Object Repository/android.widget.TextView - Log In'

2023-01-26 15:01:08 - [MESSAGE][WARNING] - Timeout '0' is invalid. Using default page load timeout: '30'

2023-01-26 15:01:10 - [MESSAGE][PASSED] - Tapped on element 'Object Repository/android.widget.TextView - Log In'

2023-01-26 15:01:10 - [TEST_STEP][PASSED] - setText(findTestObject("Object Repository/android.widget.EditText"), "trian", 0): Text 'trian' has been set to element 'Object Repository/android.widget.EditText'

2023-01-26 15:01:10 - [MESSAGE][WARNING] - Timeout '0' is invalid. Using default page load timeout: '30'

2023-01-26 15:01:12 - [MESSAGE][PASSED] - Text 'trian' has been set to element 'Object Repository/android.widget.EditText'

2023-01-26 15:01:12 - [TEST_STEP][PASSED] - setText(findTestObject("Object Repository/android.widget.EditText (1)"), "123", 0): Text '123' has been set to element 'Object Repository/android.widget.EditText (1)'

2023-01-26 15:01:12 - [MESSAGE][WARNING] - Timeout '0' is invalid. Using default page load timeout: '30'

2023-01-26 15:01:14 - [MESSAGE][PASSED] - Text '123' has been set to element 'Object Repository/android.widget.EditText (1)'

2023-01-26 15:01:14 - [TEST_STEP][PASSED] - tap(findTestObject("Object Repository/android.view.ViewGroup"), 0): Tapped on element 'Object Repository/android.view.ViewGroup'

2023-01-26 15:01:14 - [MESSAGE][WARNING] - Timeout '0' is invalid. Using default page load timeout: '30'

2023-01-26 15:01:14 - [MESSAGE][PASSED] - Tapped on element 'Object Repository/android.view.ViewGroup'

2023-01-26 15:01:14 - [TEST_STEP][PASSED] - closeApplication(): Close app successfully

2023-01-26 15:01:15 - [MESSAGE][PASSED] - Close app successfully]]></system-out>
         <system-err><![CDATA[]]></system-err>
      </testcase>
      <system-out><![CDATA[2023-01-26 15:00:22 - [TEST_SUITE][PASSED] - Test Suite Negative: Test Cases/TC05 - Login Blank Username Password - Negative]]></system-out>
      <system-err><![CDATA[]]></system-err>
   </testsuite>
</testsuites>
